<?xml version="1.0" encoding="UTF-8"?>
<testng-results skipped="0" failed="0" ignored="0" total="3" passed="3">
  <reporter-output>
  </reporter-output>
  <suite name="Default suite" duration-ms="70726" started-at="2019-12-03T18:19:17 CET" finished-at="2019-12-03T18:20:28 CET">
    <groups>
    </groups>
    <test name="Default test" duration-ms="70726" started-at="2019-12-03T18:19:17 CET" finished-at="2019-12-03T18:20:28 CET">
      <class name="humanity_tests.LoginTest">
        <test-method status="PASS" signature="setup()[pri:0, instance:humanity_tests.LoginTest@4f970963]" name="setup" is-config="true" duration-ms="19994" started-at="2019-12-03T18:19:17 CET" finished-at="2019-12-03T18:19:37 CET">
          <reporter-output>
          </reporter-output>
        </test-method> <!-- setup -->
        <test-method status="PASS" signature="basicLogin()[pri:0, instance:humanity_tests.LoginTest@4f970963]" name="basicLogin" duration-ms="35564" started-at="2019-12-03T18:19:37 CET" finished-at="2019-12-03T18:20:13 CET">
          <reporter-output>
          </reporter-output>
        </test-method> <!-- basicLogin -->
        <test-method status="PASS" signature="dashboardTest()[pri:1, instance:humanity_tests.LoginTest@4f970963]" name="dashboardTest" duration-ms="199" started-at="2019-12-03T18:20:13 CET" finished-at="2019-12-03T18:20:13 CET">
          <reporter-output>
          </reporter-output>
        </test-method> <!-- dashboardTest -->
        <test-method status="PASS" signature="addEmployeeTest()[pri:20, instance:humanity_tests.LoginTest@4f970963]" name="addEmployeeTest" duration-ms="14890" started-at="2019-12-03T18:20:13 CET" finished-at="2019-12-03T18:20:28 CET">
          <reporter-output>
          </reporter-output>
        </test-method> <!-- addEmployeeTest -->
        <test-method status="PASS" signature="quit()[pri:0, instance:humanity_tests.LoginTest@4f970963]" name="quit" is-config="true" duration-ms="0" started-at="2019-12-03T18:20:28 CET" finished-at="2019-12-03T18:20:28 CET">
          <reporter-output>
          </reporter-output>
        </test-method> <!-- quit -->
      </class> <!-- humanity_tests.LoginTest -->
    </test> <!-- Default test -->
  </suite> <!-- Default suite -->
</testng-results>
