<?xml version="1.0" encoding="UTF-8"?>
<!-- Generated by org.testng.reporters.JUnitXMLReporter -->
<testsuite hostname="DESKTOP-8S1AVJB" ignored="0" name="Default test" tests="3" failures="0" timestamp="2019-12-03T18:20:29 CET" time="70.726" errors="0">
  <testcase name="basicLogin" time="35.564" classname="humanity_tests.LoginTest"/>
  <testcase name="dashboardTest" time="0.199" classname="humanity_tests.LoginTest"/>
  <testcase name="addEmployeeTest" time="14.89" classname="humanity_tests.LoginTest"/>
</testsuite> <!-- Default test -->
